<?xml version="1.0" encoding="UTF-8"?>
<testng-results skipped="0" failed="0" ignored="0" total="1" passed="1">
  <reporter-output>
  </reporter-output>
  <suite name="Default suite" duration-ms="10144" started-at="2018-06-10T11:09:47Z" finished-at="2018-06-10T11:09:57Z">
    <groups>
    </groups>
    <test name="Default test" duration-ms="10144" started-at="2018-06-10T11:09:47Z" finished-at="2018-06-10T11:09:57Z">
      <class name="GridScript.grid.JqueryUi">
        <test-method status="PASS" signature="frame()[pri:0, instance:GridScript.grid.JqueryUi@548e7350]" name="frame" duration-ms="10112" started-at="2018-06-10T11:09:47Z" finished-at="2018-06-10T11:09:57Z">
          <reporter-output>
          </reporter-output>
        </test-method> <!-- frame -->
      </class> <!-- GridScript.grid.JqueryUi -->
    </test> <!-- Default test -->
  </suite> <!-- Default suite -->
</testng-results>
